0 info it worked if it ends with ok
1 verbose cli [
1 verbose cli   '/usr/local/bin/node',
1 verbose cli   '/Users/swing/node_modules/.bin/npm',
1 verbose cli   'install'
1 verbose cli ]
2 info using npm@4.0.3
3 info using node@v14.15.1
4 silly loadCurrentTree Starting
5 silly install loadCurrentTree
6 silly install readLocalPackageData
7 verbose stack TypeError: cb.apply is not a function
7 verbose stack     at /Users/swing/node_modules/npm/node_modules/graceful-fs/polyfills.js:279:18
7 verbose stack     at FSReqCallback.oncomplete (fs.js:184:5)
8 verbose cwd /Users/swing/Code/yeet/yeet
9 error Darwin 17.7.0
10 error argv "/usr/local/bin/node" "/Users/swing/node_modules/.bin/npm" "install"
11 error node v14.15.1
12 error npm  v4.0.3
13 error cb.apply is not a function
14 error If you need help, you may report this error at:
14 error     <https://github.com/npm/npm/issues>
15 verbose exit [ 1, true ]
